0 info it worked if it ends with ok
1 verbose cli [ 'C:\\Program Files\\nodejs\\node.exe',
1 verbose cli   'C:\\Program Files\\nodejs\\node_modules\\npm\\bin\\npm-cli.js',
1 verbose cli   'install',
1 verbose cli   'ddxofy' ]
2 info using npm@3.10.8
3 info using node@v6.9.1
4 silly loadCurrentTree Starting
5 silly install loadCurrentTree
6 silly install readLocalPackageData
7 silly fetchPackageMetaData ddxofy
8 silly fetchNamedPackageData ddxofy
9 silly mapToRegistry name ddxofy
10 silly mapToRegistry using default registry
11 silly mapToRegistry registry http://registry.npmjs.org/
12 silly mapToRegistry data Result {
12 silly mapToRegistry   raw: 'ddxofy',
12 silly mapToRegistry   scope: null,
12 silly mapToRegistry   escapedName: 'ddxofy',
12 silly mapToRegistry   name: 'ddxofy',
12 silly mapToRegistry   rawSpec: '',
12 silly mapToRegistry   spec: 'latest',
12 silly mapToRegistry   type: 'tag' }
13 silly mapToRegistry uri http://registry.npmjs.org/ddxofy
14 verbose request uri http://registry.npmjs.org/ddxofy
15 verbose request no auth needed
16 info attempt registry request try #1 at 1:21:17 PM
17 verbose request using bearer token for auth
18 verbose request id e60facfb40ecf317
19 http request GET http://registry.npmjs.org/ddxofy
20 http 200 http://registry.npmjs.org/ddxofy
21 verbose headers { server: 'nginx/1.10.1',
21 verbose headers   'content-type': 'application/json',
21 verbose headers   'last-modified': 'Tue, 15 Nov 2016 07:20:05 GMT',
21 verbose headers   etag: 'W/"582ab725-18b"',
21 verbose headers   'content-encoding': 'gzip',
21 verbose headers   'cache-control': 'max-age=300',
21 verbose headers   'transfer-encoding': 'chunked',
21 verbose headers   'accept-ranges': 'bytes',
21 verbose headers   date: 'Tue, 15 Nov 2016 07:21:17 GMT',
21 verbose headers   via: '1.1 varnish',
21 verbose headers   connection: 'keep-alive',
21 verbose headers   'x-served-by': 'cache-sin6926-SIN',
21 verbose headers   'x-cache': 'MISS',
21 verbose headers   'x-cache-hits': '0',
21 verbose headers   'x-timer': 'S1479194477.343313,VS0,VE102',
21 verbose headers   vary: 'Accept-Encoding' }
22 silly get cb [ 200,
22 silly get   { server: 'nginx/1.10.1',
22 silly get     'content-type': 'application/json',
22 silly get     'last-modified': 'Tue, 15 Nov 2016 07:20:05 GMT',
22 silly get     etag: 'W/"582ab725-18b"',
22 silly get     'content-encoding': 'gzip',
22 silly get     'cache-control': 'max-age=300',
22 silly get     'transfer-encoding': 'chunked',
22 silly get     'accept-ranges': 'bytes',
22 silly get     date: 'Tue, 15 Nov 2016 07:21:17 GMT',
22 silly get     via: '1.1 varnish',
22 silly get     connection: 'keep-alive',
22 silly get     'x-served-by': 'cache-sin6926-SIN',
22 silly get     'x-cache': 'MISS',
22 silly get     'x-cache-hits': '0',
22 silly get     'x-timer': 'S1479194477.343313,VS0,VE102',
22 silly get     vary: 'Accept-Encoding' } ]
23 verbose get saving ddxofy to C:\Users\khairullah.gaurab\AppData\Roaming\npm-cache\registry.npmjs.org\ddxofy\.cache.json
24 verbose correctMkdir C:\Users\khairullah.gaurab\AppData\Roaming\npm-cache correctMkdir not in flight; initializing
25 verbose stack TypeError: Cannot convert undefined or null to object
25 verbose stack     at pickVersionFromRegistryDocument (C:\Program Files\nodejs\node_modules\npm\lib\fetch-package-metadata.js:125:29)
25 verbose stack     at C:\Program Files\nodejs\node_modules\npm\node_modules\iferr\index.js:13:50
25 verbose stack     at C:\Program Files\nodejs\node_modules\npm\lib\utils\pulse-till-done.js:20:8
25 verbose stack     at saved (C:\Program Files\nodejs\node_modules\npm\lib\cache\caching-client.js:174:7)
25 verbose stack     at C:\Program Files\nodejs\node_modules\npm\node_modules\graceful-fs\polyfills.js:233:18
25 verbose stack     at FSReqWrap.oncomplete (fs.js:123:15)
26 verbose cwd C:\Users\khairullah.gaurab\Desktop\iochatangular
27 error Windows_NT 6.3.9600
28 error argv "C:\\Program Files\\nodejs\\node.exe" "C:\\Program Files\\nodejs\\node_modules\\npm\\bin\\npm-cli.js" "install" "ddxofy"
29 error node v6.9.1
30 error npm  v3.10.8
31 error Cannot convert undefined or null to object
32 error If you need help, you may report this error at:
32 error     <https://github.com/npm/npm/issues>
33 verbose exit [ 1, true ]
